# JRE version: Java(TM) SE Runtime Environment (8.0_201-b09) (build 1.8.0_201-b09)
# Java VM: Java HotSpot(TM) 64-Bit Server VM (25.201-b09 mixed mode windows-amd64 compressed oops)
Heap:
 PSYoungGen      total 747520K, used 320435K [0x000000076b700000, 0x00000007b9700000, 0x00000007c0000000)
  eden space 285696K, 100% used [0x000000076b700000,0x000000077ce00000,0x000000077ce00000)
  from space 461824K, 7% used [0x000000077ce00000,0x000000077efece30,0x0000000799100000)
  to   space 461824K, 15% used [0x000000079d400000,0x00000007a18acad8,0x00000007b9700000)
 ParOldGen       total 1746432K, used 1186574K [0x00000006c2400000, 0x000000072cd80000, 0x000000076b700000)
  object space 1746432K, 67% used [0x00000006c2400000,0x000000070aac3bc8,0x000000072cd80000)
 Metaspace       used 11029K, capacity 11382K, committed 11648K, reserved 1058816K
  class space    used 1220K, capacity 1338K, committed 1408K, reserved 1048576K
GC Heap History (10 events):
Event: 18.097 GC heap after
Heap after GC invocations=15 (full 3):
 PSYoungGen      total 667648K, used 344976K [0x000000076b700000, 0x00000007b3f00000, 0x00000007c0000000)
  eden space 233472K, 0% used [0x000000076b700000,0x000000076b700000,0x0000000779b00000)
  from space 434176K, 79% used [0x0000000795e00000,0x00000007aaee4030,0x00000007b0600000)
  to   space 461824K, 0% used [0x0000000779b00000,0x0000000779b00000,0x0000000795e00000)
 ParOldGen       total 1178112K, used 737587K [0x00000006c2400000, 0x000000070a280000, 0x000000076b700000)
  object space 1178112K, 62% used [0x00000006c2400000,0x00000006ef44cda8,0x000000070a280000)
 Metaspace       used 10216K, capacity 10554K, committed 10752K, reserved 1058816K
  class space    used 1136K, capacity 1248K, committed 1280K, reserved 1048576K
}
Event: 18.643 GC heap before
{Heap before GC invocations=16 (full 3):
 PSYoungGen      total 667648K, used 578448K [0x000000076b700000, 0x00000007b3f00000, 0x00000007c0000000)
  eden space 233472K, 100% used [0x000000076b700000,0x0000000779b00000,0x0000000779b00000)
  from space 434176K, 79% used [0x0000000795e00000,0x00000007aaee4030,0x00000007b0600000)
  to   space 461824K, 0% used [0x0000000779b00000,0x0000000779b00000,0x0000000795e00000)
 ParOldGen       total 1178112K, used 737587K [0x00000006c2400000, 0x000000070a280000, 0x000000076b700000)
  object space 1178112K, 62% used [0x00000006c2400000,0x00000006ef44cda8,0x000000070a280000)
 Metaspace       used 10224K, capacity 10554K, committed 10752K, reserved 1058816K
  class space    used 1136K, capacity 1248K, committed 1280K, reserved 1048576K
Event: 18.737 GC heap after
Heap after GC invocations=16 (full 3):
 PSYoungGen      total 695296K, used 360528K [0x000000076b700000, 0x00000007b5400000, 0x00000007c0000000)
  eden space 233472K, 0% used [0x000000076b700000,0x000000076b700000,0x0000000779b00000)
  from space 461824K, 78% used [0x0000000779b00000,0x000000078fb14040,0x0000000795e00000)
  to   space 461824K, 0% used [0x0000000799100000,0x0000000799100000,0x00000007b5400000)
 ParOldGen       total 1178112K, used 739955K [0x00000006c2400000, 0x000000070a280000, 0x000000076b700000)
  object space 1178112K, 62% used [0x00000006c2400000,0x00000006ef69cda8,0x000000070a280000)
 Metaspace       used 10224K, capacity 10554K, committed 10752K, reserved 1058816K
  class space    used 1136K, capacity 1248K, committed 1280K, reserved 1048576K
}
Event: 19.279 GC heap before
{Heap before GC invocations=17 (full 3):
 PSYoungGen      total 695296K, used 594000K [0x000000076b700000, 0x00000007b5400000, 0x00000007c0000000)
  eden space 233472K, 100% used [0x000000076b700000,0x0000000779b00000,0x0000000779b00000)
  from space 461824K, 78% used [0x0000000779b00000,0x000000078fb14040,0x0000000795e00000)
  to   space 461824K, 0% used [0x0000000799100000,0x0000000799100000,0x00000007b5400000)
 ParOldGen       total 1178112K, used 739955K [0x00000006c2400000, 0x000000070a280000, 0x000000076b700000)
  object space 1178112K, 62% used [0x00000006c2400000,0x00000006ef69cda8,0x000000070a280000)
 Metaspace       used 10224K, capacity 10554K, committed 10752K, reserved 1058816K
  class space    used 1136K, capacity 1248K, committed 1280K, reserved 1048576K
Event: 19.383 GC heap after
Heap after GC invocations=17 (full 3):
 PSYoungGen      total 747520K, used 362320K [0x000000076b700000, 0x00000007b5580000, 0x00000007c0000000)
  eden space 285696K, 0% used [0x000000076b700000,0x000000076b700000,0x000000077ce00000)
  from space 461824K, 78% used [0x0000000799100000,0x00000007af2d4060,0x00000007b5400000)
  to   space 461824K, 0% used [0x000000077ce00000,0x000000077ce00000,0x0000000799100000)
 ParOldGen       total 1178112K, used 760945K [0x00000006c2400000, 0x000000070a280000, 0x000000076b700000)
  object space 1178112K, 64% used [0x00000006c2400000,0x00000006f0b1c5d8,0x000000070a280000)
 Metaspace       used 10224K, capacity 10554K, committed 10752K, reserved 1058816K
  class space    used 1136K, capacity 1248K, committed 1280K, reserved 1048576K
}
Event: 20.066 GC heap before
{Heap before GC invocations=18 (full 3):
 PSYoungGen      total 747520K, used 648016K [0x000000076b700000, 0x00000007b5580000, 0x00000007c0000000)
  eden space 285696K, 100% used [0x000000076b700000,0x000000077ce00000,0x000000077ce00000)
  from space 461824K, 78% used [0x0000000799100000,0x00000007af2d4060,0x00000007b5400000)
  to   space 461824K, 0% used [0x000000077ce00000,0x000000077ce00000,0x0000000799100000)
 ParOldGen       total 1178112K, used 760945K [0x00000006c2400000, 0x000000070a280000, 0x000000076b700000)
  object space 1178112K, 64% used [0x00000006c2400000,0x00000006f0b1c5d8,0x000000070a280000)
 Metaspace       used 10962K, capacity 11258K, committed 11392K, reserved 1058816K
  class space    used 1208K, capacity 1328K, committed 1408K, reserved 1048576K
Event: 20.223 GC heap after
Heap after GC invocations=18 (full 3):
 PSYoungGen      total 747520K, used 212108K [0x000000076b700000, 0x00000007b9700000, 0x00000007c0000000)
  eden space 285696K, 0% used [0x000000076b700000,0x000000076b700000,0x000000077ce00000)
  from space 461824K, 45% used [0x000000077ce00000,0x0000000789d233f0,0x0000000799100000)
  to   space 461824K, 0% used [0x000000079d400000,0x000000079d400000,0x00000007b9700000)
 ParOldGen       total 1178112K, used 1002264K [0x00000006c2400000, 0x000000070a280000, 0x000000076b700000)
  object space 1178112K, 85% used [0x00000006c2400000,0x00000006ff6c62a8,0x000000070a280000)
 Metaspace       used 10962K, capacity 11258K, committed 11392K, reserved 1058816K
  class space    used 1208K, capacity 1328K, committed 1408K, reserved 1048576K
}
Event: 20.223 GC heap before
{Heap before GC invocations=19 (full 4):
 PSYoungGen      total 747520K, used 212108K [0x000000076b700000, 0x00000007b9700000, 0x00000007c0000000)
  eden space 285696K, 0% used [0x000000076b700000,0x000000076b700000,0x000000077ce00000)
  from space 461824K, 45% used [0x000000077ce00000,0x0000000789d233f0,0x0000000799100000)
  to   space 461824K, 0% used [0x000000079d400000,0x000000079d400000,0x00000007b9700000)
 ParOldGen       total 1178112K, used 1002264K [0x00000006c2400000, 0x000000070a280000, 0x000000076b700000)
  object space 1178112K, 85% used [0x00000006c2400000,0x00000006ff6c62a8,0x000000070a280000)
 Metaspace       used 10962K, capacity 11258K, committed 11392K, reserved 1058816K
  class space    used 1208K, capacity 1328K, committed 1408K, reserved 1048576K
Event: 21.579 GC heap after
Heap after GC invocations=19 (full 4):
 PSYoungGen      total 747520K, used 34739K [0x000000076b700000, 0x00000007b9700000, 0x00000007c0000000)
  eden space 285696K, 0% used [0x000000076b700000,0x000000076b700000,0x000000077ce00000)
  from space 461824K, 7% used [0x000000077ce00000,0x000000077efece30,0x0000000799100000)
  to   space 461824K, 0% used [0x000000079d400000,0x000000079d400000,0x00000007b9700000)
 ParOldGen       total 1746432K, used 1177886K [0x00000006c2400000, 0x000000072cd80000, 0x000000076b700000)
  object space 1746432K, 67% used [0x00000006c2400000,0x000000070a247bb8,0x000000072cd80000)
 Metaspace       used 10962K, capacity 11258K, committed 11392K, reserved 1058816K
  class space    used 1208K, capacity 1328K, committed 1408K, reserved 1048576K
}
Event: 22.332 GC heap before
{Heap before GC invocations=20 (full 4):
 PSYoungGen      total 747520K, used 320435K [0x000000076b700000, 0x00000007b9700000, 0x00000007c0000000)
  eden space 285696K, 100% used [0x000000076b700000,0x000000077ce00000,0x000000077ce00000)
  from space 461824K, 7% used [0x000000077ce00000,0x000000077efece30,0x0000000799100000)
  to   space 461824K, 0% used [0x000000079d400000,0x000000079d400000,0x00000007b9700000)
 ParOldGen       total 1746432K, used 1177886K [0x00000006c2400000, 0x000000072cd80000, 0x000000076b700000)
  object space 1746432K, 67% used [0x00000006c2400000,0x000000070a247bb8,0x000000072cd80000)
 Metaspace       used 11029K, capacity 11382K, committed 11648K, reserved 1058816K
  class space    used 1220K, capacity 1338K, committed 1408K, reserved 1048576K

